<?xml version="1.0" encoding="UTF-8"?>
<testsuites name="AMAZON_TESTSUITE_VALIDATESEARCHFIELDITEM_002_SRIKAL" time="63.971" tests="2" failures="0" errors="0">
   <testsuite name="AMAZON_TESTSUITE_VALIDATESEARCHFIELDITEM_002_SRIKAL" tests="2" failures="0" errors="0" time="63.971" skipped="0" timestamp="31-01-2024T10:43:06" hostname="srika - LAPTOP-R1O33QJG" id="Test Suites/AMAZON_TESTSUITE/AMAZON_TESTSUITE_VALIDATESEARCHFIELDITEM_002_SRIKAL">
      <properties>
         <property name="deviceName" value=""/>
         <property name="devicePlatform" value=""/>
         <property name="logFolder" value="C:\\Users\\srika\\git\\SI-GuidedProject-710214-1705598621\\SI-GuidedProject-710214-1705598621\\SI-GuidedProject-710214-1705598621\\Reports\\20240131_104302\\AMAZON_TESTSUITE\\AMAZON_TESTSUITE_VALIDATESEARCHFIELDITEM_002_SRIKAL\\20240131_104302"/>
         <property name="logFiles" value="C:\\Users\\srika\\git\\SI-GuidedProject-710214-1705598621\\SI-GuidedProject-710214-1705598621\\SI-GuidedProject-710214-1705598621\\Reports\\20240131_104302\\AMAZON_TESTSUITE\\AMAZON_TESTSUITE_VALIDATESEARCHFIELDITEM_002_SRIKAL\\20240131_104302\\execution0.log"/>
         <property name="attachments" value=""/>
         <property name="hostName" value="srika - LAPTOP-R1O33QJG"/>
         <property name="os" value="Windows 11 64bit"/>
         <property name="katalonVersion" value="9.1.0.212"/>
         <property name="browser" value="Chrome 121.0.0.0"/>
         <property name="hostAddress" value="172.18.112.243"/>
         <property name="sessionId" value="10f387d67b516da946df99d75d9ac70b"/>
         <property name="seleniumVersion" value="3.141.59"/>
         <property name="proxyInformation" value="ProxyInformation { proxyOption=NO_PROXY, proxyServerType=HTTP, username=, password=********, proxyServerAddress=, proxyServerPort=0, executionList=&quot;&quot;, isApplyToDesiredCapabilities=true }"/>
         <property name="platform" value="Windows 11"/>
      </properties>
      <testcase name="Test Cases/TC_AMAZON_VALIDATESEARCHFIELDITEM_002_SRIKAL" time="36.155" classname="Test Cases/TC_AMAZON_VALIDATESEARCHFIELDITEM_002_SRIKAL" status="PASSED">
         <system-out><![CDATA[31-01-2024T10:43:06 - [TEST_CASE][PASSED] - Test Cases/TC_AMAZON_VALIDATESEARCHFIELDITEM_002_SRIKAL: Test Cases/TC_AMAZON_VALIDATESEARCHFIELDITEM_002_SRIKAL

31-01-2024T10:43:06 - [TEST_STEP][PASSED] - Start listener action : sampleBeforeTestCase: null

31-01-2024T10:43:06 - [TEST_STEP][PASSED] - println(testCaseContext.getTestCaseId()): null

31-01-2024T10:43:06 - [TEST_STEP][PASSED] - println(testCaseContext.getTestCaseVariables()): null

31-01-2024T10:43:06 - [TEST_STEP][PASSED] - openBrowser(""): Browser is opened with url: ''

31-01-2024T10:43:07 - [MESSAGE][INFO] - Starting 'Chrome' driver

31-01-2024T10:43:07 - [MESSAGE][INFO] - Action delay is set to 0 milliseconds

31-01-2024T10:43:08 - [MESSAGE][PASSED] - Browser is opened with url: ''

31-01-2024T10:43:08 - [TEST_STEP][PASSED] - navigateToUrl("https://www.amazon.com/"): Navigate to 'https://www.amazon.com/' successfully

31-01-2024T10:43:10 - [MESSAGE][PASSED] - Navigate to 'https://www.amazon.com/' successfully

31-01-2024T10:43:10 - [TEST_STEP][PASSED] - selectOptionByValue(findTestObject("Object Repository/AMAZON_PAGES/AMAZON_VALIDATESEARCHFIELDITEM_OR/select_All Departments        Arts  Crafts _135c92"), "search-alias=electronics-intl-ship", true): All options with value 'search-alias=electronics-intl-ship' are selected in object 'Object Repository/AMAZON_PAGES/AMAZON_VALIDATESEARCHFIELDITEM_OR/select_All Departments        Arts  Crafts _135c92'  using regular expression

31-01-2024T10:43:32 - [MESSAGE][PASSED] - All options with value 'search-alias=electronics-intl-ship' are selected in object 'Object Repository/AMAZON_PAGES/AMAZON_VALIDATESEARCHFIELDITEM_OR/select_All Departments        Arts  Crafts _135c92'  using regular expression

31-01-2024T10:43:32 - [TEST_STEP][PASSED] - setText(findTestObject("Object Repository/AMAZON_PAGES/AMAZON_VALIDATESEARCHFIELDITEM_OR/input_field-keywords"), "phone"): Text 'phone' is set on object 'Object Repository/AMAZON_PAGES/AMAZON_VALIDATESEARCHFIELDITEM_OR/input_field-keywords'

31-01-2024T10:43:35 - [MESSAGE][PASSED] - Text 'phone' is set on object 'Object Repository/AMAZON_PAGES/AMAZON_VALIDATESEARCHFIELDITEM_OR/input_field-keywords'

31-01-2024T10:43:35 - [TEST_STEP][PASSED] - click(findTestObject("Object Repository/AMAZON_PAGES/AMAZON_VALIDATESEARCHFIELDITEM_OR/inputnav-search-submit-button")): Object: 'Object Repository/AMAZON_PAGES/AMAZON_VALIDATESEARCHFIELDITEM_OR/inputnav-search-submit-button' is clicked on

31-01-2024T10:43:40 - [MESSAGE][PASSED] - Object: 'Object Repository/AMAZON_PAGES/AMAZON_VALIDATESEARCHFIELDITEM_OR/inputnav-search-submit-button' is clicked on

31-01-2024T10:43:40 - [TEST_STEP][PASSED] - click(findTestObject("Object Repository/AMAZON_PAGES/AMAZON_VALIDATESEARCHFIELDITEM_OR/span_Results")): Object: 'Object Repository/AMAZON_PAGES/AMAZON_VALIDATESEARCHFIELDITEM_OR/span_Results' is clicked on

31-01-2024T10:43:41 - [MESSAGE][PASSED] - Object: 'Object Repository/AMAZON_PAGES/AMAZON_VALIDATESEARCHFIELDITEM_OR/span_Results' is clicked on

31-01-2024T10:43:41 - [TEST_STEP][PASSED] - click(findTestObject("Object Repository/AMAZON_PAGES/AMAZON_VALIDATESEARCHFIELDITEM_OR/span_Check each product page for other buyi_fdd351")): Object: 'Object Repository/AMAZON_PAGES/AMAZON_VALIDATESEARCHFIELDITEM_OR/span_Check each product page for other buyi_fdd351' is clicked on

31-01-2024T10:43:42 - [MESSAGE][PASSED] - Object: 'Object Repository/AMAZON_PAGES/AMAZON_VALIDATESEARCHFIELDITEM_OR/span_Check each product page for other buyi_fdd351' is clicked on

31-01-2024T10:43:42 - [TEST_STEP][PASSED] - closeBrowser(): Browser is closed

31-01-2024T10:43:42 - [MESSAGE][PASSED] - Browser is closed

31-01-2024T10:43:42 - [TEST_STEP][PASSED] - Start listener action : sampleAfterTestCase: null

31-01-2024T10:43:42 - [TEST_STEP][PASSED] - println(testCaseContext.getTestCaseId()): null

31-01-2024T10:43:42 - [TEST_STEP][PASSED] - println(testCaseContext.getTestCaseStatus()): null]]></system-out>
         <system-err><![CDATA[]]></system-err>
      </testcase>
      <testcase name="Test Cases/TC_AMAZON_VALIDATESEARCHFIELDITEM_002_SRIKAL - Copy" time="27.591" classname="Test Cases/TC_AMAZON_VALIDATESEARCHFIELDITEM_002_SRIKAL - Copy" status="PASSED">
         <system-out><![CDATA[31-01-2024T10:43:42 - [TEST_CASE][PASSED] - Test Cases/TC_AMAZON_VALIDATESEARCHFIELDITEM_002_SRIKAL - Copy: Test Cases/TC_AMAZON_VALIDATESEARCHFIELDITEM_002_SRIKAL - Copy

31-01-2024T10:43:42 - [TEST_STEP][PASSED] - Start listener action : sampleBeforeTestCase: null

31-01-2024T10:43:42 - [TEST_STEP][PASSED] - println(testCaseContext.getTestCaseId()): null

31-01-2024T10:43:42 - [TEST_STEP][PASSED] - println(testCaseContext.getTestCaseVariables()): null

31-01-2024T10:43:42 - [TEST_STEP][PASSED] - openBrowser(""): Browser is opened with url: ''

31-01-2024T10:43:43 - [MESSAGE][INFO] - Starting 'Chrome' driver

31-01-2024T10:43:43 - [MESSAGE][INFO] - Action delay is set to 0 milliseconds

31-01-2024T10:43:44 - [MESSAGE][PASSED] - Browser is opened with url: ''

31-01-2024T10:43:44 - [TEST_STEP][PASSED] - navigateToUrl("https://www.amazon.com/"): Navigate to 'https://www.amazon.com/' successfully

31-01-2024T10:43:46 - [MESSAGE][PASSED] - Navigate to 'https://www.amazon.com/' successfully

31-01-2024T10:43:46 - [TEST_STEP][PASSED] - selectOptionByValue(findTestObject("Object Repository/AMAZON_PAGES/AMAZON_VALIDATESEARCHFIELDITEM_OR/select_All Departments        Arts  Crafts _135c92"), "search-alias=electronics-intl-ship", true): All options with value 'search-alias=electronics-intl-ship' are selected in object 'Object Repository/AMAZON_PAGES/AMAZON_VALIDATESEARCHFIELDITEM_OR/select_All Departments        Arts  Crafts _135c92'  using regular expression

31-01-2024T10:44:01 - [MESSAGE][PASSED] - All options with value 'search-alias=electronics-intl-ship' are selected in object 'Object Repository/AMAZON_PAGES/AMAZON_VALIDATESEARCHFIELDITEM_OR/select_All Departments        Arts  Crafts _135c92'  using regular expression

31-01-2024T10:44:01 - [TEST_STEP][PASSED] - setText(findTestObject("Object Repository/AMAZON_PAGES/AMAZON_VALIDATESEARCHFIELDITEM_OR/input_field-keywords"), "laptop"): Text 'laptop' is set on object 'Object Repository/AMAZON_PAGES/AMAZON_VALIDATESEARCHFIELDITEM_OR/input_field-keywords'

31-01-2024T10:44:03 - [MESSAGE][PASSED] - Text 'laptop' is set on object 'Object Repository/AMAZON_PAGES/AMAZON_VALIDATESEARCHFIELDITEM_OR/input_field-keywords'

31-01-2024T10:44:03 - [TEST_STEP][PASSED] - click(findTestObject("Object Repository/AMAZON_PAGES/AMAZON_VALIDATESEARCHFIELDITEM_OR/inputnav-search-submit-button")): Object: 'Object Repository/AMAZON_PAGES/AMAZON_VALIDATESEARCHFIELDITEM_OR/inputnav-search-submit-button' is clicked on

31-01-2024T10:44:08 - [MESSAGE][PASSED] - Object: 'Object Repository/AMAZON_PAGES/AMAZON_VALIDATESEARCHFIELDITEM_OR/inputnav-search-submit-button' is clicked on

31-01-2024T10:44:08 - [TEST_STEP][PASSED] - click(findTestObject("Object Repository/AMAZON_PAGES/AMAZON_VALIDATESEARCHFIELDITEM_OR/span_Results")): Object: 'Object Repository/AMAZON_PAGES/AMAZON_VALIDATESEARCHFIELDITEM_OR/span_Results' is clicked on

31-01-2024T10:44:09 - [MESSAGE][PASSED] - Object: 'Object Repository/AMAZON_PAGES/AMAZON_VALIDATESEARCHFIELDITEM_OR/span_Results' is clicked on

31-01-2024T10:44:09 - [TEST_STEP][PASSED] - click(findTestObject("Object Repository/AMAZON_PAGES/AMAZON_VALIDATESEARCHFIELDITEM_OR/span_Check each product page for other buyi_fdd351")): Object: 'Object Repository/AMAZON_PAGES/AMAZON_VALIDATESEARCHFIELDITEM_OR/span_Check each product page for other buyi_fdd351' is clicked on

31-01-2024T10:44:09 - [MESSAGE][PASSED] - Object: 'Object Repository/AMAZON_PAGES/AMAZON_VALIDATESEARCHFIELDITEM_OR/span_Check each product page for other buyi_fdd351' is clicked on

31-01-2024T10:44:09 - [TEST_STEP][PASSED] - closeBrowser(): Browser is closed

31-01-2024T10:44:10 - [MESSAGE][PASSED] - Browser is closed

31-01-2024T10:44:10 - [TEST_STEP][PASSED] - Start listener action : sampleAfterTestCase: null

31-01-2024T10:44:10 - [TEST_STEP][PASSED] - println(testCaseContext.getTestCaseId()): null

31-01-2024T10:44:10 - [TEST_STEP][PASSED] - println(testCaseContext.getTestCaseStatus()): null]]></system-out>
         <system-err><![CDATA[]]></system-err>
      </testcase>
      <system-out><![CDATA[31-01-2024T10:43:06 - [TEST_SUITE][PASSED] - AMAZON_TESTSUITE_VALIDATESEARCHFIELDITEM_002_SRIKAL: Test Cases/TC_AMAZON_VALIDATESEARCHFIELDITEM_002_SRIKAL - Copy]]></system-out>
      <system-err><![CDATA[]]></system-err>
   </testsuite>
</testsuites>
