<?xml version="1.0" encoding="UTF-8"?>
<testsuites name="AMAZON_TESTSUITE_LOGIN_001_SRIKAL" time="28.37" tests="1" failures="0" errors="0">
   <testsuite name="AMAZON_TESTSUITE_LOGIN_001_SRIKAL" tests="1" failures="0" errors="0" time="28.37" skipped="0" timestamp="31-01-2024T00:39:43" hostname="srika - LAPTOP-R1O33QJG" id="Test Suites/AMAZON_TESTSUITE/AMAZON_TESTSUITE_LOGIN_001_SRIKAL">
      <properties>
         <property name="deviceName" value=""/>
         <property name="devicePlatform" value=""/>
         <property name="logFolder" value="C:\\Users\\srika\\git\\SI-GuidedProject-710214-1705598621\\SI-GuidedProject-710214-1705598621\\SI-GuidedProject-710214-1705598621\\Reports\\20240131_003939\\AMAZON_TESTSUITE\\AMAZON_TESTSUITE_LOGIN_001_SRIKAL\\20240131_003939"/>
         <property name="logFiles" value="C:\\Users\\srika\\git\\SI-GuidedProject-710214-1705598621\\SI-GuidedProject-710214-1705598621\\SI-GuidedProject-710214-1705598621\\Reports\\20240131_003939\\AMAZON_TESTSUITE\\AMAZON_TESTSUITE_LOGIN_001_SRIKAL\\20240131_003939\\execution0.log"/>
         <property name="attachments" value=""/>
         <property name="hostName" value="srika - LAPTOP-R1O33QJG"/>
         <property name="os" value="Windows 11 64bit"/>
         <property name="katalonVersion" value="9.1.0.212"/>
         <property name="browser" value="Chrome 121.0.0.0"/>
         <property name="hostAddress" value="172.18.112.243"/>
         <property name="sessionId" value="aef788fea0da97d63ab91ec1c1e30999"/>
         <property name="seleniumVersion" value="3.141.59"/>
         <property name="proxyInformation" value="ProxyInformation { proxyOption=NO_PROXY, proxyServerType=HTTP, username=, password=********, proxyServerAddress=, proxyServerPort=0, executionList=&quot;&quot;, isApplyToDesiredCapabilities=true }"/>
         <property name="platform" value="Windows 11"/>
      </properties>
      <testcase name="Test Cases/TC_AMAZON_LOGIN_001_SRIKAL" time="28.15" classname="Test Cases/TC_AMAZON_LOGIN_001_SRIKAL" status="PASSED">
         <system-out><![CDATA[31-01-2024T00:39:44 - [TEST_CASE][PASSED] - Test Cases/TC_AMAZON_LOGIN_001_SRIKAL: Test Cases/TC_AMAZON_LOGIN_001_SRIKAL

31-01-2024T00:39:44 - [TEST_STEP][PASSED] - Start listener action : sampleBeforeTestCase: null

31-01-2024T00:39:44 - [TEST_STEP][PASSED] - println(testCaseContext.getTestCaseId()): null

31-01-2024T00:39:44 - [TEST_STEP][PASSED] - println(testCaseContext.getTestCaseVariables()): null

31-01-2024T00:39:44 - [TEST_STEP][PASSED] - openBrowser(""): Browser is opened with url: ''

31-01-2024T00:39:44 - [MESSAGE][INFO] - Starting 'Chrome' driver

31-01-2024T00:39:44 - [MESSAGE][INFO] - Action delay is set to 0 milliseconds

31-01-2024T00:39:46 - [MESSAGE][PASSED] - Browser is opened with url: ''

31-01-2024T00:39:46 - [TEST_STEP][PASSED] - navigateToUrl("https://amazon.com"): Navigate to 'https://amazon.com' successfully

31-01-2024T00:39:51 - [MESSAGE][PASSED] - Navigate to 'https://amazon.com' successfully

31-01-2024T00:39:51 - [TEST_STEP][PASSED] - refresh(): Refresh successfully

31-01-2024T00:39:52 - [MESSAGE][PASSED] - Refresh successfully

31-01-2024T00:39:52 - [TEST_STEP][PASSED] - click(findTestObject("AMAZON_PAGES/AMAZON_LOGIN_OR/PAGE_AMAZON_SIGN_IN/span_Hello, sign in")): Object: 'Object Repository/AMAZON_PAGES/AMAZON_LOGIN_OR/PAGE_AMAZON_SIGN_IN/span_Hello, sign in' is clicked on

31-01-2024T00:39:55 - [MESSAGE][PASSED] - Object: 'Object Repository/AMAZON_PAGES/AMAZON_LOGIN_OR/PAGE_AMAZON_SIGN_IN/span_Hello, sign in' is clicked on

31-01-2024T00:39:55 - [TEST_STEP][PASSED] - setText(findTestObject("AMAZON_PAGES/AMAZON_LOGIN_OR/PAGE_AMAZON_SIGN_IN/input_Email or mobile phone number_email"), "9347163977"): Text '9347163977' is set on object 'Object Repository/AMAZON_PAGES/AMAZON_LOGIN_OR/PAGE_AMAZON_SIGN_IN/input_Email or mobile phone number_email'

31-01-2024T00:39:56 - [MESSAGE][PASSED] - Text '9347163977' is set on object 'Object Repository/AMAZON_PAGES/AMAZON_LOGIN_OR/PAGE_AMAZON_SIGN_IN/input_Email or mobile phone number_email'

31-01-2024T00:39:56 - [TEST_STEP][PASSED] - click(findTestObject("AMAZON_PAGES/AMAZON_LOGIN_OR/PAGE_AMAZON_SIGN_IN/input_Enter your email or mobile phone number_continue")): Object: 'Object Repository/AMAZON_PAGES/AMAZON_LOGIN_OR/PAGE_AMAZON_SIGN_IN/input_Enter your email or mobile phone number_continue' is clicked on

31-01-2024T00:39:59 - [MESSAGE][PASSED] - Object: 'Object Repository/AMAZON_PAGES/AMAZON_LOGIN_OR/PAGE_AMAZON_SIGN_IN/input_Enter your email or mobile phone number_continue' is clicked on

31-01-2024T00:39:59 - [TEST_STEP][PASSED] - setText(findTestObject("AMAZON_PAGES/AMAZON_LOGIN_OR/PAGE_AMAZON_SIGN_IN/input_Forgot your password_password"), "smartbridge@123"): Text 'smartbridge@123' is set on object 'Object Repository/AMAZON_PAGES/AMAZON_LOGIN_OR/PAGE_AMAZON_SIGN_IN/input_Forgot your password_password'

31-01-2024T00:40:00 - [MESSAGE][PASSED] - Text 'smartbridge@123' is set on object 'Object Repository/AMAZON_PAGES/AMAZON_LOGIN_OR/PAGE_AMAZON_SIGN_IN/input_Forgot your password_password'

31-01-2024T00:40:00 - [TEST_STEP][PASSED] - click(findTestObject("AMAZON_PAGES/AMAZON_LOGIN_OR/PAGE_AMAZON_SIGN_IN/input_Enter your password_signInSubmit")): Object: 'Object Repository/AMAZON_PAGES/AMAZON_LOGIN_OR/PAGE_AMAZON_SIGN_IN/input_Enter your password_signInSubmit' is clicked on

31-01-2024T00:40:01 - [MESSAGE][PASSED] - Object: 'Object Repository/AMAZON_PAGES/AMAZON_LOGIN_OR/PAGE_AMAZON_SIGN_IN/input_Enter your password_signInSubmit' is clicked on

31-01-2024T00:40:01 - [TEST_STEP][PASSED] - verifyElementPresent(findTestObject("AMAZON_PAGES/AMAZON_LOGIN_OR/PAGE_AMAZON_SIGN_IN/span_Hello, sign in"), 0): Object 'Object Repository/AMAZON_PAGES/AMAZON_LOGIN_OR/PAGE_AMAZON_SIGN_IN/span_Hello, sign in' is present

31-01-2024T00:40:01 - [MESSAGE][WARNING] - Timeout '0' is invalid. Using default page load timeout: '30'

31-01-2024T00:40:11 - [MESSAGE][PASSED] - Object 'Object Repository/AMAZON_PAGES/AMAZON_LOGIN_OR/PAGE_AMAZON_SIGN_IN/span_Hello, sign in' is present

31-01-2024T00:40:11 - [TEST_STEP][PASSED] - closeBrowser(): Browser is closed

31-01-2024T00:40:12 - [MESSAGE][PASSED] - Browser is closed

31-01-2024T00:40:12 - [TEST_STEP][PASSED] - Start listener action : sampleAfterTestCase: null

31-01-2024T00:40:12 - [TEST_STEP][PASSED] - println(testCaseContext.getTestCaseId()): null

31-01-2024T00:40:12 - [TEST_STEP][PASSED] - println(testCaseContext.getTestCaseStatus()): null]]></system-out>
         <system-err><![CDATA[]]></system-err>
      </testcase>
      <system-out><![CDATA[31-01-2024T00:39:43 - [TEST_SUITE][PASSED] - AMAZON_TESTSUITE_LOGIN_001_SRIKAL: Test Cases/TC_AMAZON_LOGIN_001_SRIKAL]]></system-out>
      <system-err><![CDATA[]]></system-err>
   </testsuite>
</testsuites>
