<?xml version="1.0" encoding="UTF-8"?>
<testsuites name="AMAZON_TESTSUITE_VALIDATESEARCHFIELDITEM_002_SRIKAL" time="59.421" tests="2" failures="0" errors="0">
   <testsuite name="AMAZON_TESTSUITE_VALIDATESEARCHFIELDITEM_002_SRIKAL" tests="2" failures="0" errors="0" time="54.622" skipped="0" timestamp="31-01-2024T10:46:32" hostname="srika - LAPTOP-R1O33QJG" id="Test Suites/AMAZON_TESTSUITE/AMAZON_TESTSUITE_VALIDATESEARCHFIELDITEM_002_SRIKAL">
      <properties>
         <property name="deviceName" value=""/>
         <property name="devicePlatform" value=""/>
         <property name="logFolder" value="C:\\Users\\srika\\git\\SI-GuidedProject-710214-1705598621\\SI-GuidedProject-710214-1705598621\\SI-GuidedProject-710214-1705598621\\Reports\\20240131_104626\\AMAZON_TESTSUITE\\AMAZON_TESTSUITE_VALIDATESEARCHFIELDITEM_002_SRIKAL\\20240131_104627"/>
         <property name="logFiles" value="C:\\Users\\srika\\git\\SI-GuidedProject-710214-1705598621\\SI-GuidedProject-710214-1705598621\\SI-GuidedProject-710214-1705598621\\Reports\\20240131_104626\\AMAZON_TESTSUITE\\AMAZON_TESTSUITE_VALIDATESEARCHFIELDITEM_002_SRIKAL\\20240131_104627\\execution0.log"/>
         <property name="attachments" value=""/>
         <property name="hostName" value="srika - LAPTOP-R1O33QJG"/>
         <property name="os" value="Windows 11 64bit"/>
         <property name="katalonVersion" value="9.1.0.212"/>
         <property name="browser" value="Chrome 121.0.0.0"/>
         <property name="hostAddress" value="172.18.112.243"/>
         <property name="sessionId" value="29684f753faa1750adf768b2cd397513"/>
         <property name="seleniumVersion" value="3.141.59"/>
         <property name="proxyInformation" value="ProxyInformation { proxyOption=NO_PROXY, proxyServerType=HTTP, username=, password=********, proxyServerAddress=, proxyServerPort=0, executionList=&quot;&quot;, isApplyToDesiredCapabilities=true }"/>
         <property name="platform" value="Windows 11"/>
      </properties>
      <testcase name="Test Cases/TC_AMAZON_VALIDATESEARCHFIELDITEM_002_SRIKAL" time="19.485" classname="Test Cases/TC_AMAZON_VALIDATESEARCHFIELDITEM_002_SRIKAL" status="PASSED">
         <system-out><![CDATA[31-01-2024T10:46:32 - [TEST_CASE][PASSED] - Test Cases/TC_AMAZON_VALIDATESEARCHFIELDITEM_002_SRIKAL: Test Cases/TC_AMAZON_VALIDATESEARCHFIELDITEM_002_SRIKAL

31-01-2024T10:46:32 - [TEST_STEP][PASSED] - Start listener action : sampleBeforeTestCase: null

31-01-2024T10:46:32 - [TEST_STEP][PASSED] - println(testCaseContext.getTestCaseId()): null

31-01-2024T10:46:32 - [TEST_STEP][PASSED] - println(testCaseContext.getTestCaseVariables()): null

31-01-2024T10:46:33 - [TEST_STEP][PASSED] - openBrowser(""): Browser is opened with url: ''

31-01-2024T10:46:33 - [MESSAGE][INFO] - Starting 'Chrome' driver

31-01-2024T10:46:33 - [MESSAGE][INFO] - Action delay is set to 0 milliseconds

31-01-2024T10:46:35 - [MESSAGE][PASSED] - Browser is opened with url: ''

31-01-2024T10:46:35 - [TEST_STEP][PASSED] - navigateToUrl("https://www.amazon.com/"): Navigate to 'https://www.amazon.com/' successfully

31-01-2024T10:46:39 - [MESSAGE][PASSED] - Navigate to 'https://www.amazon.com/' successfully

31-01-2024T10:46:39 - [TEST_STEP][PASSED] - selectOptionByValue(findTestObject("Object Repository/AMAZON_PAGES/AMAZON_VALIDATESEARCHFIELDITEM_OR/select_All Departments        Arts  Crafts _135c92"), "search-alias=electronics-intl-ship", true): All options with value 'search-alias=electronics-intl-ship' are selected in object 'Object Repository/AMAZON_PAGES/AMAZON_VALIDATESEARCHFIELDITEM_OR/select_All Departments        Arts  Crafts _135c92'  using regular expression

31-01-2024T10:46:43 - [MESSAGE][PASSED] - All options with value 'search-alias=electronics-intl-ship' are selected in object 'Object Repository/AMAZON_PAGES/AMAZON_VALIDATESEARCHFIELDITEM_OR/select_All Departments        Arts  Crafts _135c92'  using regular expression

31-01-2024T10:46:43 - [TEST_STEP][PASSED] - setText(findTestObject("Object Repository/AMAZON_PAGES/AMAZON_VALIDATESEARCHFIELDITEM_OR/input_field-keywords"), "phone"): Text 'phone' is set on object 'Object Repository/AMAZON_PAGES/AMAZON_VALIDATESEARCHFIELDITEM_OR/input_field-keywords'

31-01-2024T10:46:44 - [MESSAGE][PASSED] - Text 'phone' is set on object 'Object Repository/AMAZON_PAGES/AMAZON_VALIDATESEARCHFIELDITEM_OR/input_field-keywords'

31-01-2024T10:46:44 - [TEST_STEP][PASSED] - click(findTestObject("Object Repository/AMAZON_PAGES/AMAZON_VALIDATESEARCHFIELDITEM_OR/inputnav-search-submit-button")): Object: 'Object Repository/AMAZON_PAGES/AMAZON_VALIDATESEARCHFIELDITEM_OR/inputnav-search-submit-button' is clicked on

31-01-2024T10:46:49 - [MESSAGE][PASSED] - Object: 'Object Repository/AMAZON_PAGES/AMAZON_VALIDATESEARCHFIELDITEM_OR/inputnav-search-submit-button' is clicked on

31-01-2024T10:46:49 - [TEST_STEP][PASSED] - click(findTestObject("Object Repository/AMAZON_PAGES/AMAZON_VALIDATESEARCHFIELDITEM_OR/span_Results")): Object: 'Object Repository/AMAZON_PAGES/AMAZON_VALIDATESEARCHFIELDITEM_OR/span_Results' is clicked on

31-01-2024T10:46:50 - [MESSAGE][PASSED] - Object: 'Object Repository/AMAZON_PAGES/AMAZON_VALIDATESEARCHFIELDITEM_OR/span_Results' is clicked on

31-01-2024T10:46:50 - [TEST_STEP][PASSED] - click(findTestObject("Object Repository/AMAZON_PAGES/AMAZON_VALIDATESEARCHFIELDITEM_OR/span_Check each product page for other buyi_fdd351")): Object: 'Object Repository/AMAZON_PAGES/AMAZON_VALIDATESEARCHFIELDITEM_OR/span_Check each product page for other buyi_fdd351' is clicked on

31-01-2024T10:46:52 - [MESSAGE][PASSED] - Object: 'Object Repository/AMAZON_PAGES/AMAZON_VALIDATESEARCHFIELDITEM_OR/span_Check each product page for other buyi_fdd351' is clicked on

31-01-2024T10:46:52 - [TEST_STEP][PASSED] - closeBrowser(): Browser is closed

31-01-2024T10:46:52 - [MESSAGE][PASSED] - Browser is closed

31-01-2024T10:46:52 - [TEST_STEP][PASSED] - Start listener action : sampleAfterTestCase: null

31-01-2024T10:46:52 - [TEST_STEP][PASSED] - println(testCaseContext.getTestCaseId()): null

31-01-2024T10:46:52 - [TEST_STEP][PASSED] - println(testCaseContext.getTestCaseStatus()): null]]></system-out>
         <system-err><![CDATA[]]></system-err>
      </testcase>
      <testcase name="Test Cases/TC_AMAZON_VALIDATESEARCHFIELDITEM_002_SRIKAL - Copy" time="34.905" classname="Test Cases/TC_AMAZON_VALIDATESEARCHFIELDITEM_002_SRIKAL - Copy" status="PASSED">
         <system-out><![CDATA[31-01-2024T10:46:52 - [TEST_CASE][PASSED] - Test Cases/TC_AMAZON_VALIDATESEARCHFIELDITEM_002_SRIKAL - Copy: Test Cases/TC_AMAZON_VALIDATESEARCHFIELDITEM_002_SRIKAL - Copy

31-01-2024T10:46:52 - [TEST_STEP][PASSED] - Start listener action : sampleBeforeTestCase: null

31-01-2024T10:46:52 - [TEST_STEP][PASSED] - println(testCaseContext.getTestCaseId()): null

31-01-2024T10:46:52 - [TEST_STEP][PASSED] - println(testCaseContext.getTestCaseVariables()): null

31-01-2024T10:46:52 - [TEST_STEP][PASSED] - openBrowser(""): Browser is opened with url: ''

31-01-2024T10:46:52 - [MESSAGE][INFO] - Starting 'Chrome' driver

31-01-2024T10:46:52 - [MESSAGE][INFO] - Action delay is set to 0 milliseconds

31-01-2024T10:46:53 - [MESSAGE][PASSED] - Browser is opened with url: ''

31-01-2024T10:46:53 - [TEST_STEP][PASSED] - navigateToUrl("https://www.amazon.com/"): Navigate to 'https://www.amazon.com/' successfully

31-01-2024T10:46:55 - [MESSAGE][PASSED] - Navigate to 'https://www.amazon.com/' successfully

31-01-2024T10:46:55 - [TEST_STEP][PASSED] - selectOptionByValue(findTestObject("Object Repository/AMAZON_PAGES/AMAZON_VALIDATESEARCHFIELDITEM_OR/select_All Departments        Arts  Crafts _135c92"), "search-alias=electronics-intl-ship", true): All options with value 'search-alias=electronics-intl-ship' are selected in object 'Object Repository/AMAZON_PAGES/AMAZON_VALIDATESEARCHFIELDITEM_OR/select_All Departments        Arts  Crafts _135c92'  using regular expression

31-01-2024T10:47:09 - [MESSAGE][PASSED] - All options with value 'search-alias=electronics-intl-ship' are selected in object 'Object Repository/AMAZON_PAGES/AMAZON_VALIDATESEARCHFIELDITEM_OR/select_All Departments        Arts  Crafts _135c92'  using regular expression

31-01-2024T10:47:09 - [TEST_STEP][PASSED] - setText(findTestObject("Object Repository/AMAZON_PAGES/AMAZON_VALIDATESEARCHFIELDITEM_OR/input_field-keywords"), "laptop"): Text 'laptop' is set on object 'Object Repository/AMAZON_PAGES/AMAZON_VALIDATESEARCHFIELDITEM_OR/input_field-keywords'

31-01-2024T10:47:10 - [MESSAGE][PASSED] - Text 'laptop' is set on object 'Object Repository/AMAZON_PAGES/AMAZON_VALIDATESEARCHFIELDITEM_OR/input_field-keywords'

31-01-2024T10:47:10 - [TEST_STEP][PASSED] - click(findTestObject("Object Repository/AMAZON_PAGES/AMAZON_VALIDATESEARCHFIELDITEM_OR/inputnav-search-submit-button")): Object: 'Object Repository/AMAZON_PAGES/AMAZON_VALIDATESEARCHFIELDITEM_OR/inputnav-search-submit-button' is clicked on

31-01-2024T10:47:17 - [MESSAGE][PASSED] - Object: 'Object Repository/AMAZON_PAGES/AMAZON_VALIDATESEARCHFIELDITEM_OR/inputnav-search-submit-button' is clicked on

31-01-2024T10:47:17 - [TEST_STEP][PASSED] - click(findTestObject("Object Repository/AMAZON_PAGES/AMAZON_VALIDATESEARCHFIELDITEM_OR/span_Results")): Object: 'Object Repository/AMAZON_PAGES/AMAZON_VALIDATESEARCHFIELDITEM_OR/span_Results' is clicked on

31-01-2024T10:47:25 - [MESSAGE][PASSED] - Object: 'Object Repository/AMAZON_PAGES/AMAZON_VALIDATESEARCHFIELDITEM_OR/span_Results' is clicked on

31-01-2024T10:47:25 - [TEST_STEP][PASSED] - click(findTestObject("Object Repository/AMAZON_PAGES/AMAZON_VALIDATESEARCHFIELDITEM_OR/span_Check each product page for other buyi_fdd351")): Object: 'Object Repository/AMAZON_PAGES/AMAZON_VALIDATESEARCHFIELDITEM_OR/span_Check each product page for other buyi_fdd351' is clicked on

31-01-2024T10:47:27 - [MESSAGE][PASSED] - Object: 'Object Repository/AMAZON_PAGES/AMAZON_VALIDATESEARCHFIELDITEM_OR/span_Check each product page for other buyi_fdd351' is clicked on

31-01-2024T10:47:27 - [TEST_STEP][PASSED] - closeBrowser(): Browser is closed

31-01-2024T10:47:27 - [MESSAGE][PASSED] - Browser is closed

31-01-2024T10:47:27 - [TEST_STEP][PASSED] - Start listener action : sampleAfterTestCase: null

31-01-2024T10:47:27 - [TEST_STEP][PASSED] - println(testCaseContext.getTestCaseId()): null

31-01-2024T10:47:27 - [TEST_STEP][PASSED] - println(testCaseContext.getTestCaseStatus()): null]]></system-out>
         <system-err><![CDATA[]]></system-err>
      </testcase>
      <system-out><![CDATA[31-01-2024T10:46:32 - [TEST_SUITE][PASSED] - AMAZON_TESTSUITE_VALIDATESEARCHFIELDITEM_002_SRIKAL: Test Cases/TC_AMAZON_VALIDATESEARCHFIELDITEM_002_SRIKAL - Copy]]></system-out>
      <system-err><![CDATA[]]></system-err>
   </testsuite>
</testsuites>
