<?xml version="1.0" encoding="UTF-8"?>
<testsuites name="AMAZON_WISHLIST_003_SRIKAL" time="99.09" tests="1" failures="0" errors="0">
   <testsuite name="AMAZON_WISHLIST_003_SRIKAL" tests="1" failures="0" errors="0" time="99.09" skipped="0" timestamp="31-01-2024T10:48:51" hostname="srika - LAPTOP-R1O33QJG" id="Test Suites/AMAZON_TESTSUITE/AMAZON_WISHLIST_003_SRIKAL">
      <properties>
         <property name="deviceName" value=""/>
         <property name="devicePlatform" value=""/>
         <property name="logFolder" value="C:\\Users\\srika\\git\\SI-GuidedProject-710214-1705598621\\SI-GuidedProject-710214-1705598621\\SI-GuidedProject-710214-1705598621\\Reports\\20240131_104847\\AMAZON_TESTSUITE\\AMAZON_WISHLIST_003_SRIKAL\\20240131_104847"/>
         <property name="logFiles" value="C:\\Users\\srika\\git\\SI-GuidedProject-710214-1705598621\\SI-GuidedProject-710214-1705598621\\SI-GuidedProject-710214-1705598621\\Reports\\20240131_104847\\AMAZON_TESTSUITE\\AMAZON_WISHLIST_003_SRIKAL\\20240131_104847\\execution0.log"/>
         <property name="attachments" value=""/>
         <property name="hostName" value="srika - LAPTOP-R1O33QJG"/>
         <property name="os" value="Windows 11 64bit"/>
         <property name="katalonVersion" value="9.1.0.212"/>
         <property name="browser" value="Chrome 121.0.0.0"/>
         <property name="hostAddress" value="172.18.112.243"/>
         <property name="sessionId" value="3dbfb44ff5c72345001300b9a388d612"/>
         <property name="seleniumVersion" value="3.141.59"/>
         <property name="proxyInformation" value="ProxyInformation { proxyOption=NO_PROXY, proxyServerType=HTTP, username=, password=********, proxyServerAddress=, proxyServerPort=0, executionList=&quot;&quot;, isApplyToDesiredCapabilities=true }"/>
         <property name="platform" value="Windows 11"/>
      </properties>
      <testcase name="Test Cases/TC_AMAZON_WISHLIST_003_SRIKAL" time="98.877" classname="Test Cases/TC_AMAZON_WISHLIST_003_SRIKAL" status="PASSED">
         <system-out><![CDATA[31-01-2024T10:48:51 - [TEST_CASE][PASSED] - Test Cases/TC_AMAZON_WISHLIST_003_SRIKAL: Test Cases/TC_AMAZON_WISHLIST_003_SRIKAL

31-01-2024T10:48:51 - [TEST_STEP][PASSED] - Start listener action : sampleBeforeTestCase: null

31-01-2024T10:48:51 - [TEST_STEP][PASSED] - println(testCaseContext.getTestCaseId()): null

31-01-2024T10:48:51 - [TEST_STEP][PASSED] - println(testCaseContext.getTestCaseVariables()): null

31-01-2024T10:48:51 - [TEST_STEP][PASSED] - openBrowser(""): Browser is opened with url: ''

31-01-2024T10:48:52 - [MESSAGE][INFO] - Starting 'Chrome' driver

31-01-2024T10:48:52 - [MESSAGE][INFO] - Action delay is set to 0 milliseconds

31-01-2024T10:48:53 - [MESSAGE][PASSED] - Browser is opened with url: ''

31-01-2024T10:48:53 - [TEST_STEP][PASSED] - navigateToUrl("https://www.amazon.com/"): Navigate to 'https://www.amazon.com/' successfully

31-01-2024T10:48:55 - [MESSAGE][PASSED] - Navigate to 'https://www.amazon.com/' successfully

31-01-2024T10:48:55 - [TEST_STEP][PASSED] - click(findTestObject("Object Repository/AMAZON_PAGES/AMAZON_WISHLIST_OR/span_Hello, sign in")): Object: 'Object Repository/AMAZON_PAGES/AMAZON_WISHLIST_OR/span_Hello, sign in' is clicked on

31-01-2024T10:49:13 - [MESSAGE][PASSED] - Object: 'Object Repository/AMAZON_PAGES/AMAZON_WISHLIST_OR/span_Hello, sign in' is clicked on

31-01-2024T10:49:13 - [TEST_STEP][PASSED] - setText(findTestObject("Object Repository/AMAZON_PAGES/AMAZON_WISHLIST_OR/input_email"), "9347163977"): Text '9347163977' is set on object 'Object Repository/AMAZON_PAGES/AMAZON_WISHLIST_OR/input_email'

31-01-2024T10:49:14 - [MESSAGE][PASSED] - Text '9347163977' is set on object 'Object Repository/AMAZON_PAGES/AMAZON_WISHLIST_OR/input_email'

31-01-2024T10:49:14 - [TEST_STEP][PASSED] - click(findTestObject("Object Repository/AMAZON_PAGES/AMAZON_WISHLIST_OR/inputcontinue")): Object: 'Object Repository/AMAZON_PAGES/AMAZON_WISHLIST_OR/inputcontinue' is clicked on

31-01-2024T10:49:17 - [MESSAGE][PASSED] - Object: 'Object Repository/AMAZON_PAGES/AMAZON_WISHLIST_OR/inputcontinue' is clicked on

31-01-2024T10:49:17 - [TEST_STEP][PASSED] - setEncryptedText(findTestObject("Object Repository/AMAZON_PAGES/AMAZON_WISHLIST_OR/input_password"), "MbZHKJaDqoktgDwH6xdmAQ=="): Text ****** has been set on object 'Object Repository/AMAZON_PAGES/AMAZON_WISHLIST_OR/input_password'

31-01-2024T10:49:18 - [MESSAGE][PASSED] - Text ****** has been set on object 'Object Repository/AMAZON_PAGES/AMAZON_WISHLIST_OR/input_password'

31-01-2024T10:49:18 - [TEST_STEP][PASSED] - click(findTestObject("Object Repository/AMAZON_PAGES/AMAZON_WISHLIST_OR/inputsignInSubmit")): Object: 'Object Repository/AMAZON_PAGES/AMAZON_WISHLIST_OR/inputsignInSubmit' is clicked on

31-01-2024T10:49:19 - [MESSAGE][PASSED] - Object: 'Object Repository/AMAZON_PAGES/AMAZON_WISHLIST_OR/inputsignInSubmit' is clicked on

31-01-2024T10:49:19 - [TEST_STEP][PASSED] - click(findTestObject("AMAZON_PAGES/AMAZON_WISHLIST_OR/a_0                                                Cart")): Object: 'Object Repository/AMAZON_PAGES/AMAZON_WISHLIST_OR/a_0                                                Cart' is clicked on

31-01-2024T10:49:34 - [MESSAGE][PASSED] - Object: 'Object Repository/AMAZON_PAGES/AMAZON_WISHLIST_OR/a_0                                                Cart' is clicked on

31-01-2024T10:49:34 - [TEST_STEP][PASSED] - click(findTestObject("Object Repository/AMAZON_PAGES/AMAZON_WISHLIST_OR/a_Wish List")): Object: 'Object Repository/AMAZON_PAGES/AMAZON_WISHLIST_OR/a_Wish List' is clicked on

31-01-2024T10:49:36 - [MESSAGE][PASSED] - Object: 'Object Repository/AMAZON_PAGES/AMAZON_WISHLIST_OR/a_Wish List' is clicked on

31-01-2024T10:49:36 - [TEST_STEP][PASSED] - click(findTestObject("Object Repository/AMAZON_PAGES/AMAZON_WISHLIST_OR/img_a-dynamic-image p13n-sc-dynamic-image p_302d0a")): Object: 'Object Repository/AMAZON_PAGES/AMAZON_WISHLIST_OR/img_a-dynamic-image p13n-sc-dynamic-image p_302d0a' is clicked on

31-01-2024T10:49:44 - [MESSAGE][PASSED] - Object: 'Object Repository/AMAZON_PAGES/AMAZON_WISHLIST_OR/img_a-dynamic-image p13n-sc-dynamic-image p_302d0a' is clicked on

31-01-2024T10:49:44 - [TEST_STEP][PASSED] - click(findTestObject("Object Repository/AMAZON_PAGES/AMAZON_WISHLIST_OR/input_submit.add-to-registry.wishlist")): Object: 'Object Repository/AMAZON_PAGES/AMAZON_WISHLIST_OR/input_submit.add-to-registry.wishlist' is clicked on

31-01-2024T10:49:52 - [MESSAGE][PASSED] - Object: 'Object Repository/AMAZON_PAGES/AMAZON_WISHLIST_OR/input_submit.add-to-registry.wishlist' is clicked on

31-01-2024T10:49:52 - [TEST_STEP][PASSED] - click(findTestObject("Object Repository/AMAZON_PAGES/AMAZON_WISHLIST_OR/a_View Your List")): Object: 'Object Repository/AMAZON_PAGES/AMAZON_WISHLIST_OR/a_View Your List' is clicked on

31-01-2024T10:49:56 - [MESSAGE][PASSED] - Object: 'Object Repository/AMAZON_PAGES/AMAZON_WISHLIST_OR/a_View Your List' is clicked on

31-01-2024T10:49:56 - [TEST_STEP][PASSED] - click(findTestObject("Object Repository/AMAZON_PAGES/AMAZON_WISHLIST_OR/spandelete-button-I3VYV9IR48FE2Y")): Object: 'Object Repository/AMAZON_PAGES/AMAZON_WISHLIST_OR/spandelete-button-I3VYV9IR48FE2Y' is clicked on

31-01-2024T10:50:27 - [MESSAGE][INFO] - Unable to find the element located by 'By.xpath: //span[@id='delete-button-I3VYV9IR48FE2Y']'. Please recheck the objects properties to make sure the desired element is located. 

31-01-2024T10:50:27 - [MESSAGE][WARNING] - [SELF-HEALING] Failed to find element with id 'Object Repository/AMAZON_PAGES/AMAZON_WISHLIST_OR/spandelete-button-I3VYV9IR48FE2Y'. Try using Self-healing.

31-01-2024T10:50:27 - [MESSAGE][INFO] - [SELF-HEALING] Failed Locator: '//span[@id='delete-button-I3VYV9IR48FE2Y']'.

31-01-2024T10:50:27 - [MESSAGE][INFO] - [SELF-HEALING] Failed Locator: '//div[@id='itemAction_I3VYV9IR48FE2Y']/div/div/div/div[3]/form/span/span'.

31-01-2024T10:50:28 - [MESSAGE][INFO] - [SELF-HEALING] Working Locator: '//div[3]/form/span/span'.

31-01-2024T10:50:29 - [MESSAGE][INFO] - [SELF-HEALING] Screenshot: C:/Users/srika/git/SI-GuidedProject-710214-1705598621/SI-GuidedProject-710214-1705598621/SI-GuidedProject-710214-1705598621/Reports/Self-healing/Object Repository/AMAZON_PAGES/AMAZON_WISHLIST_OR/spandelete-button-I3VYV9IR48FE2Y_position.png

31-01-2024T10:50:29 - [MESSAGE][WARNING] - [SELF-HEALING] The current locator of test object 'Object Repository/AMAZON_PAGES/AMAZON_WISHLIST_OR/spandelete-button-I3VYV9IR48FE2Y' was broken. Propose an alternative one: '//div[3]/form/span/span'.

31-01-2024T10:50:29 - [MESSAGE][PASSED] - Object: 'Object Repository/AMAZON_PAGES/AMAZON_WISHLIST_OR/spandelete-button-I3VYV9IR48FE2Y' is clicked on

31-01-2024T10:50:29 - [TEST_STEP][PASSED] - closeBrowser(): Browser is closed

31-01-2024T10:50:30 - [MESSAGE][PASSED] - Browser is closed

31-01-2024T10:50:30 - [TEST_STEP][PASSED] - Start listener action : sampleAfterTestCase: null

31-01-2024T10:50:30 - [TEST_STEP][PASSED] - println(testCaseContext.getTestCaseId()): null

31-01-2024T10:50:30 - [TEST_STEP][PASSED] - println(testCaseContext.getTestCaseStatus()): null]]></system-out>
         <system-err><![CDATA[]]></system-err>
      </testcase>
      <system-out><![CDATA[31-01-2024T10:48:51 - [TEST_SUITE][PASSED] - AMAZON_WISHLIST_003_SRIKAL: Test Cases/TC_AMAZON_WISHLIST_003_SRIKAL]]></system-out>
      <system-err><![CDATA[]]></system-err>
   </testsuite>
</testsuites>
