<?xml version="1.0" encoding="UTF-8"?>
<testsuites name="AMAZON_TESTSUITE_LOGIN_001_SRIKAL" time="76.101" tests="1" failures="0" errors="0">
   <testsuite name="AMAZON_TESTSUITE_LOGIN_001_SRIKAL" tests="1" failures="0" errors="0" time="76.101" skipped="0" timestamp="31-01-2024T10:51:25" hostname="srika - LAPTOP-R1O33QJG" id="Test Suites/AMAZON_TESTSUITE/AMAZON_TESTSUITE_LOGIN_001_SRIKAL">
      <properties>
         <property name="deviceName" value=""/>
         <property name="devicePlatform" value=""/>
         <property name="logFolder" value="C:\\Users\\srika\\git\\SI-GuidedProject-710214-1705598621\\SI-GuidedProject-710214-1705598621\\SI-GuidedProject-710214-1705598621\\Reports\\20240131_105111\\AMAZON_TESTSUITE\\AMAZON_TESTSUITE_LOGIN_001_SRIKAL\\20240131_105112"/>
         <property name="logFiles" value="C:\\Users\\srika\\git\\SI-GuidedProject-710214-1705598621\\SI-GuidedProject-710214-1705598621\\SI-GuidedProject-710214-1705598621\\Reports\\20240131_105111\\AMAZON_TESTSUITE\\AMAZON_TESTSUITE_LOGIN_001_SRIKAL\\20240131_105112\\execution0.log"/>
         <property name="attachments" value=""/>
         <property name="hostName" value="srika - LAPTOP-R1O33QJG"/>
         <property name="os" value="Windows 11 64bit"/>
         <property name="katalonVersion" value="9.1.0.212"/>
         <property name="browser" value="Chrome 121.0.0.0"/>
         <property name="hostAddress" value="172.18.112.243"/>
         <property name="sessionId" value="ab2db8a963db15be66c10f2431ce002c"/>
         <property name="seleniumVersion" value="3.141.59"/>
         <property name="proxyInformation" value="ProxyInformation { proxyOption=NO_PROXY, proxyServerType=HTTP, username=, password=********, proxyServerAddress=, proxyServerPort=0, executionList=&quot;&quot;, isApplyToDesiredCapabilities=true }"/>
         <property name="platform" value="Windows 11"/>
      </properties>
      <testcase name="Test Cases/TC_AMAZON_LOGIN_001_SRIKAL" time="75.233" classname="Test Cases/TC_AMAZON_LOGIN_001_SRIKAL" status="PASSED">
         <system-out><![CDATA[31-01-2024T10:51:26 - [TEST_CASE][PASSED] - Test Cases/TC_AMAZON_LOGIN_001_SRIKAL: Test Cases/TC_AMAZON_LOGIN_001_SRIKAL

31-01-2024T10:51:26 - [TEST_STEP][PASSED] - Start listener action : sampleBeforeTestCase: null

31-01-2024T10:51:26 - [TEST_STEP][PASSED] - println(testCaseContext.getTestCaseId()): null

31-01-2024T10:51:26 - [TEST_STEP][PASSED] - println(testCaseContext.getTestCaseVariables()): null

31-01-2024T10:51:26 - [TEST_STEP][PASSED] - openBrowser(""): Browser is opened with url: ''

31-01-2024T10:51:27 - [MESSAGE][INFO] - Starting 'Chrome' driver

31-01-2024T10:51:27 - [MESSAGE][INFO] - Action delay is set to 0 milliseconds

31-01-2024T10:51:30 - [MESSAGE][PASSED] - Browser is opened with url: ''

31-01-2024T10:51:30 - [TEST_STEP][PASSED] - navigateToUrl("https://amazon.com"): Navigate to 'https://amazon.com' successfully

31-01-2024T10:51:32 - [MESSAGE][PASSED] - Navigate to 'https://amazon.com' successfully

31-01-2024T10:51:32 - [TEST_STEP][PASSED] - refresh(): Refresh successfully

31-01-2024T10:51:37 - [MESSAGE][PASSED] - Refresh successfully

31-01-2024T10:51:37 - [TEST_STEP][PASSED] - click(findTestObject("AMAZON_PAGES/AMAZON_LOGIN_OR/PAGE_AMAZON_SIGN_IN/span_Hello, sign in")): Object: 'Object Repository/AMAZON_PAGES/AMAZON_LOGIN_OR/PAGE_AMAZON_SIGN_IN/span_Hello, sign in' is clicked on

31-01-2024T10:52:06 - [MESSAGE][PASSED] - Object: 'Object Repository/AMAZON_PAGES/AMAZON_LOGIN_OR/PAGE_AMAZON_SIGN_IN/span_Hello, sign in' is clicked on

31-01-2024T10:52:06 - [TEST_STEP][PASSED] - setText(findTestObject("AMAZON_PAGES/AMAZON_LOGIN_OR/PAGE_AMAZON_SIGN_IN/input_Email or mobile phone number_email"), "9347163977"): Text '9347163977' is set on object 'Object Repository/AMAZON_PAGES/AMAZON_LOGIN_OR/PAGE_AMAZON_SIGN_IN/input_Email or mobile phone number_email'

31-01-2024T10:52:08 - [MESSAGE][PASSED] - Text '9347163977' is set on object 'Object Repository/AMAZON_PAGES/AMAZON_LOGIN_OR/PAGE_AMAZON_SIGN_IN/input_Email or mobile phone number_email'

31-01-2024T10:52:08 - [TEST_STEP][PASSED] - click(findTestObject("AMAZON_PAGES/AMAZON_LOGIN_OR/PAGE_AMAZON_SIGN_IN/input_Enter your email or mobile phone number_continue")): Object: 'Object Repository/AMAZON_PAGES/AMAZON_LOGIN_OR/PAGE_AMAZON_SIGN_IN/input_Enter your email or mobile phone number_continue' is clicked on

31-01-2024T10:52:11 - [MESSAGE][PASSED] - Object: 'Object Repository/AMAZON_PAGES/AMAZON_LOGIN_OR/PAGE_AMAZON_SIGN_IN/input_Enter your email or mobile phone number_continue' is clicked on

31-01-2024T10:52:11 - [TEST_STEP][PASSED] - setText(findTestObject("AMAZON_PAGES/AMAZON_LOGIN_OR/PAGE_AMAZON_SIGN_IN/input_Forgot your password_password"), "smartbridge@123"): Text 'smartbridge@123' is set on object 'Object Repository/AMAZON_PAGES/AMAZON_LOGIN_OR/PAGE_AMAZON_SIGN_IN/input_Forgot your password_password'

31-01-2024T10:52:13 - [MESSAGE][PASSED] - Text 'smartbridge@123' is set on object 'Object Repository/AMAZON_PAGES/AMAZON_LOGIN_OR/PAGE_AMAZON_SIGN_IN/input_Forgot your password_password'

31-01-2024T10:52:13 - [TEST_STEP][PASSED] - click(findTestObject("AMAZON_PAGES/AMAZON_LOGIN_OR/PAGE_AMAZON_SIGN_IN/input_Enter your password_signInSubmit")): Object: 'Object Repository/AMAZON_PAGES/AMAZON_LOGIN_OR/PAGE_AMAZON_SIGN_IN/input_Enter your password_signInSubmit' is clicked on

31-01-2024T10:52:15 - [MESSAGE][PASSED] - Object: 'Object Repository/AMAZON_PAGES/AMAZON_LOGIN_OR/PAGE_AMAZON_SIGN_IN/input_Enter your password_signInSubmit' is clicked on

31-01-2024T10:52:15 - [TEST_STEP][PASSED] - verifyElementPresent(findTestObject("AMAZON_PAGES/AMAZON_LOGIN_OR/PAGE_AMAZON_SIGN_IN/span_Hello, sign in"), 0): Object 'Object Repository/AMAZON_PAGES/AMAZON_LOGIN_OR/PAGE_AMAZON_SIGN_IN/span_Hello, sign in' is present

31-01-2024T10:52:15 - [MESSAGE][WARNING] - Timeout '0' is invalid. Using default page load timeout: '30'

31-01-2024T10:52:40 - [MESSAGE][PASSED] - Object 'Object Repository/AMAZON_PAGES/AMAZON_LOGIN_OR/PAGE_AMAZON_SIGN_IN/span_Hello, sign in' is present

31-01-2024T10:52:40 - [TEST_STEP][PASSED] - closeBrowser(): Browser is closed

31-01-2024T10:52:41 - [MESSAGE][PASSED] - Browser is closed

31-01-2024T10:52:41 - [TEST_STEP][PASSED] - Start listener action : sampleAfterTestCase: null

31-01-2024T10:52:41 - [TEST_STEP][PASSED] - println(testCaseContext.getTestCaseId()): null

31-01-2024T10:52:41 - [TEST_STEP][PASSED] - println(testCaseContext.getTestCaseStatus()): null]]></system-out>
         <system-err><![CDATA[]]></system-err>
      </testcase>
      <system-out><![CDATA[31-01-2024T10:51:25 - [TEST_SUITE][PASSED] - AMAZON_TESTSUITE_LOGIN_001_SRIKAL: Test Cases/TC_AMAZON_LOGIN_001_SRIKAL]]></system-out>
      <system-err><![CDATA[]]></system-err>
   </testsuite>
</testsuites>
