<?xml version="1.0" encoding="UTF-8"?>
<testsuites name="AMAZON_WISHLIST_003_SRIKAL" time="135.155" tests="1" failures="0" errors="0">
   <testsuite name="AMAZON_WISHLIST_003_SRIKAL" tests="1" failures="0" errors="0" time="135.155" skipped="0" timestamp="31-01-2024T10:51:26" hostname="srika - LAPTOP-R1O33QJG" id="Test Suites/AMAZON_TESTSUITE/AMAZON_WISHLIST_003_SRIKAL">
      <properties>
         <property name="deviceName" value=""/>
         <property name="devicePlatform" value=""/>
         <property name="logFolder" value="C:\\Users\\srika\\git\\SI-GuidedProject-710214-1705598621\\SI-GuidedProject-710214-1705598621\\SI-GuidedProject-710214-1705598621\\Reports\\20240131_105111\\AMAZON_TESTSUITE\\AMAZON_WISHLIST_003_SRIKAL\\20240131_105116"/>
         <property name="logFiles" value="C:\\Users\\srika\\git\\SI-GuidedProject-710214-1705598621\\SI-GuidedProject-710214-1705598621\\SI-GuidedProject-710214-1705598621\\Reports\\20240131_105111\\AMAZON_TESTSUITE\\AMAZON_WISHLIST_003_SRIKAL\\20240131_105116\\execution0.log"/>
         <property name="attachments" value=""/>
         <property name="hostName" value="srika - LAPTOP-R1O33QJG"/>
         <property name="os" value="Windows 11 64bit"/>
         <property name="katalonVersion" value="9.1.0.212"/>
         <property name="browser" value="Chrome 121.0.0.0"/>
         <property name="hostAddress" value="172.18.112.243"/>
         <property name="sessionId" value="b8d5a908b4a285bd35f4a0feeb19f24f"/>
         <property name="seleniumVersion" value="3.141.59"/>
         <property name="proxyInformation" value="ProxyInformation { proxyOption=NO_PROXY, proxyServerType=HTTP, username=, password=********, proxyServerAddress=, proxyServerPort=0, executionList=&quot;&quot;, isApplyToDesiredCapabilities=true }"/>
         <property name="platform" value="Windows 11"/>
      </properties>
      <testcase name="Test Cases/TC_AMAZON_WISHLIST_003_SRIKAL" time="134.626" classname="Test Cases/TC_AMAZON_WISHLIST_003_SRIKAL" status="PASSED">
         <system-out><![CDATA[31-01-2024T10:51:26 - [TEST_CASE][PASSED] - Test Cases/TC_AMAZON_WISHLIST_003_SRIKAL: Test Cases/TC_AMAZON_WISHLIST_003_SRIKAL

31-01-2024T10:51:26 - [TEST_STEP][PASSED] - Start listener action : sampleBeforeTestCase: null

31-01-2024T10:51:26 - [TEST_STEP][PASSED] - println(testCaseContext.getTestCaseId()): null

31-01-2024T10:51:27 - [TEST_STEP][PASSED] - println(testCaseContext.getTestCaseVariables()): null

31-01-2024T10:51:27 - [TEST_STEP][PASSED] - openBrowser(""): Browser is opened with url: ''

31-01-2024T10:51:27 - [MESSAGE][INFO] - Starting 'Chrome' driver

31-01-2024T10:51:27 - [MESSAGE][INFO] - Action delay is set to 0 milliseconds

31-01-2024T10:51:30 - [MESSAGE][PASSED] - Browser is opened with url: ''

31-01-2024T10:51:30 - [TEST_STEP][PASSED] - navigateToUrl("https://www.amazon.com/"): Navigate to 'https://www.amazon.com/' successfully

31-01-2024T10:51:38 - [MESSAGE][PASSED] - Navigate to 'https://www.amazon.com/' successfully

31-01-2024T10:51:38 - [TEST_STEP][PASSED] - click(findTestObject("Object Repository/AMAZON_PAGES/AMAZON_WISHLIST_OR/span_Hello, sign in")): Object: 'Object Repository/AMAZON_PAGES/AMAZON_WISHLIST_OR/span_Hello, sign in' is clicked on

31-01-2024T10:52:02 - [MESSAGE][PASSED] - Object: 'Object Repository/AMAZON_PAGES/AMAZON_WISHLIST_OR/span_Hello, sign in' is clicked on

31-01-2024T10:52:02 - [TEST_STEP][PASSED] - setText(findTestObject("Object Repository/AMAZON_PAGES/AMAZON_WISHLIST_OR/input_email"), "9347163977"): Text '9347163977' is set on object 'Object Repository/AMAZON_PAGES/AMAZON_WISHLIST_OR/input_email'

31-01-2024T10:52:05 - [MESSAGE][PASSED] - Text '9347163977' is set on object 'Object Repository/AMAZON_PAGES/AMAZON_WISHLIST_OR/input_email'

31-01-2024T10:52:05 - [TEST_STEP][PASSED] - click(findTestObject("Object Repository/AMAZON_PAGES/AMAZON_WISHLIST_OR/inputcontinue")): Object: 'Object Repository/AMAZON_PAGES/AMAZON_WISHLIST_OR/inputcontinue' is clicked on

31-01-2024T10:52:08 - [MESSAGE][PASSED] - Object: 'Object Repository/AMAZON_PAGES/AMAZON_WISHLIST_OR/inputcontinue' is clicked on

31-01-2024T10:52:08 - [TEST_STEP][PASSED] - setEncryptedText(findTestObject("Object Repository/AMAZON_PAGES/AMAZON_WISHLIST_OR/input_password"), "MbZHKJaDqoktgDwH6xdmAQ=="): Text ****** has been set on object 'Object Repository/AMAZON_PAGES/AMAZON_WISHLIST_OR/input_password'

31-01-2024T10:52:09 - [MESSAGE][PASSED] - Text ****** has been set on object 'Object Repository/AMAZON_PAGES/AMAZON_WISHLIST_OR/input_password'

31-01-2024T10:52:09 - [TEST_STEP][PASSED] - click(findTestObject("Object Repository/AMAZON_PAGES/AMAZON_WISHLIST_OR/inputsignInSubmit")): Object: 'Object Repository/AMAZON_PAGES/AMAZON_WISHLIST_OR/inputsignInSubmit' is clicked on

31-01-2024T10:52:10 - [MESSAGE][PASSED] - Object: 'Object Repository/AMAZON_PAGES/AMAZON_WISHLIST_OR/inputsignInSubmit' is clicked on

31-01-2024T10:52:10 - [TEST_STEP][PASSED] - click(findTestObject("AMAZON_PAGES/AMAZON_WISHLIST_OR/a_0                                                Cart")): Object: 'Object Repository/AMAZON_PAGES/AMAZON_WISHLIST_OR/a_0                                                Cart' is clicked on

31-01-2024T10:52:25 - [MESSAGE][PASSED] - Object: 'Object Repository/AMAZON_PAGES/AMAZON_WISHLIST_OR/a_0                                                Cart' is clicked on

31-01-2024T10:52:25 - [TEST_STEP][PASSED] - click(findTestObject("Object Repository/AMAZON_PAGES/AMAZON_WISHLIST_OR/a_Wish List")): Object: 'Object Repository/AMAZON_PAGES/AMAZON_WISHLIST_OR/a_Wish List' is clicked on

31-01-2024T10:52:28 - [MESSAGE][PASSED] - Object: 'Object Repository/AMAZON_PAGES/AMAZON_WISHLIST_OR/a_Wish List' is clicked on

31-01-2024T10:52:28 - [TEST_STEP][PASSED] - click(findTestObject("Object Repository/AMAZON_PAGES/AMAZON_WISHLIST_OR/img_a-dynamic-image p13n-sc-dynamic-image p_302d0a")): Object: 'Object Repository/AMAZON_PAGES/AMAZON_WISHLIST_OR/img_a-dynamic-image p13n-sc-dynamic-image p_302d0a' is clicked on

31-01-2024T10:52:58 - [MESSAGE][PASSED] - Object: 'Object Repository/AMAZON_PAGES/AMAZON_WISHLIST_OR/img_a-dynamic-image p13n-sc-dynamic-image p_302d0a' is clicked on

31-01-2024T10:52:58 - [TEST_STEP][PASSED] - click(findTestObject("Object Repository/AMAZON_PAGES/AMAZON_WISHLIST_OR/input_submit.add-to-registry.wishlist")): Object: 'Object Repository/AMAZON_PAGES/AMAZON_WISHLIST_OR/input_submit.add-to-registry.wishlist' is clicked on

31-01-2024T10:53:03 - [MESSAGE][PASSED] - Object: 'Object Repository/AMAZON_PAGES/AMAZON_WISHLIST_OR/input_submit.add-to-registry.wishlist' is clicked on

31-01-2024T10:53:03 - [TEST_STEP][PASSED] - click(findTestObject("Object Repository/AMAZON_PAGES/AMAZON_WISHLIST_OR/a_View Your List")): Object: 'Object Repository/AMAZON_PAGES/AMAZON_WISHLIST_OR/a_View Your List' is clicked on

31-01-2024T10:53:07 - [MESSAGE][PASSED] - Object: 'Object Repository/AMAZON_PAGES/AMAZON_WISHLIST_OR/a_View Your List' is clicked on

31-01-2024T10:53:07 - [TEST_STEP][PASSED] - click(findTestObject("Object Repository/AMAZON_PAGES/AMAZON_WISHLIST_OR/spandelete-button-I3VYV9IR48FE2Y")): Object: 'Object Repository/AMAZON_PAGES/AMAZON_WISHLIST_OR/spandelete-button-I3VYV9IR48FE2Y' is clicked on

31-01-2024T10:53:38 - [MESSAGE][INFO] - Unable to find the element located by 'By.xpath: //span[@id='delete-button-I3VYV9IR48FE2Y']'. Please recheck the objects properties to make sure the desired element is located. 

31-01-2024T10:53:38 - [MESSAGE][WARNING] - [SELF-HEALING] Failed to find element with id 'Object Repository/AMAZON_PAGES/AMAZON_WISHLIST_OR/spandelete-button-I3VYV9IR48FE2Y'. Try using Self-healing.

31-01-2024T10:53:41 - [MESSAGE][WARNING] - [SELF-HEALING] The current locator of test object 'Object Repository/AMAZON_PAGES/AMAZON_WISHLIST_OR/spandelete-button-I3VYV9IR48FE2Y' was broken. Propose an alternative one: '//div[3]/form/span/span'.

31-01-2024T10:53:41 - [MESSAGE][PASSED] - Object: 'Object Repository/AMAZON_PAGES/AMAZON_WISHLIST_OR/spandelete-button-I3VYV9IR48FE2Y' is clicked on

31-01-2024T10:53:41 - [TEST_STEP][PASSED] - closeBrowser(): Browser is closed

31-01-2024T10:53:41 - [MESSAGE][PASSED] - Browser is closed

31-01-2024T10:53:41 - [TEST_STEP][PASSED] - Start listener action : sampleAfterTestCase: null

31-01-2024T10:53:41 - [TEST_STEP][PASSED] - println(testCaseContext.getTestCaseId()): null

31-01-2024T10:53:41 - [TEST_STEP][PASSED] - println(testCaseContext.getTestCaseStatus()): null]]></system-out>
         <system-err><![CDATA[]]></system-err>
      </testcase>
      <system-out><![CDATA[31-01-2024T10:51:26 - [TEST_SUITE][PASSED] - AMAZON_WISHLIST_003_SRIKAL: Test Cases/TC_AMAZON_WISHLIST_003_SRIKAL]]></system-out>
      <system-err><![CDATA[]]></system-err>
   </testsuite>
</testsuites>
